<?xml version="1.0" encoding="utf-8"?><testsuites name="pytest tests"><testsuite name="pytest" errors="0" failures="0" skipped="0" tests="17" time="4.414" timestamp="2026-07-24T14:14:08.733405+00:00" hostname="agent-env-09c1063c-3132-4f13-b500-ef4c4d9fa51b"><testcase classname="tests.test_car_trading" name="test_login_wrong_password" time="0.488" /><testcase classname="tests.test_car_trading" name="test_auth_me" time="0.318" /><testcase classname="tests.test_car_trading" name="test_auth_me_unauthenticated" time="0.134" /><testcase classname="tests.test_car_trading" name="test_list_cars_returns_seeded" time="0.051" /><testcase classname="tests.test_car_trading" name="test_filter_fuel_electric" time="0.052" /><testcase classname="tests.test_car_trading" name="test_filter_make_bmw" time="0.049" /><testcase classname="tests.test_car_trading" name="test_filter_price_range" time="0.049" /><testcase classname="tests.test_car_trading" name="test_search_q" time="0.048" /><testcase classname="tests.test_car_trading" name="test_sort_price_asc" time="0.049" /><testcase classname="tests.test_car_trading" name="test_sort_price_desc" time="0.045" /><testcase classname="tests.test_car_trading" name="test_get_car_detail" time="0.095" /><testcase classname="tests.test_car_trading" name="test_get_car_invalid_id" time="0.046" /><testcase classname="tests.test_car_trading" name="test_create_car_no_auth" time="0.097" /><testcase classname="tests.test_car_trading" name="test_upload_no_auth" time="0.103" /><testcase classname="tests.test_car_trading" name="test_delete_car_no_auth" time="0.141" /><testcase classname="tests.test_car_trading" name="test_public_image_serving_no_auth" time="1.498" /><testcase classname="tests.test_car_trading" name="test_create_update_delete_car" time="0.603" /></testsuite></testsuites>