<?xml version="1.0" encoding="utf-8"?><testsuites name="pytest tests"><testsuite name="pytest" errors="0" failures="0" skipped="0" tests="23" time="7.383" timestamp="2026-07-24T23:46:57.105518+00:00" hostname="agent-env-09c1063c-3132-4f13-b500-ef4c4d9fa51b"><testcase classname="tests.test_car_trading" name="test_login_wrong_password" time="0.487" /><testcase classname="tests.test_car_trading" name="test_auth_me" time="0.334" /><testcase classname="tests.test_car_trading" name="test_auth_me_unauthenticated" time="0.102" /><testcase classname="tests.test_car_trading" name="test_list_cars_returns_seeded" time="0.051" /><testcase classname="tests.test_car_trading" name="test_filter_fuel_electric" time="0.057" /><testcase classname="tests.test_car_trading" name="test_filter_make_bmw" time="0.060" /><testcase classname="tests.test_car_trading" name="test_filter_price_range" time="0.053" /><testcase classname="tests.test_car_trading" name="test_search_q" time="0.056" /><testcase classname="tests.test_car_trading" name="test_sort_price_asc" time="0.054" /><testcase classname="tests.test_car_trading" name="test_sort_price_desc" time="0.088" /><testcase classname="tests.test_car_trading" name="test_get_car_detail" time="0.105" /><testcase classname="tests.test_car_trading" name="test_get_car_invalid_id" time="0.050" /><testcase classname="tests.test_car_trading" name="test_create_car_no_auth" time="0.098" /><testcase classname="tests.test_car_trading" name="test_upload_no_auth" time="0.101" /><testcase classname="tests.test_car_trading" name="test_delete_car_no_auth" time="0.090" /><testcase classname="tests.test_car_trading" name="test_public_image_serving_no_auth" time="1.975" /><testcase classname="tests.test_car_trading" name="test_create_update_delete_car" time="0.614" /><testcase classname="tests.test_car_trading" name="test_public_submission_upload_no_auth" time="0.741" /><testcase classname="tests.test_car_trading" name="test_create_submission_public" time="0.753" /><testcase classname="tests.test_car_trading" name="test_submissions_upload_too_many" time="0.116" /><testcase classname="tests.test_car_trading" name="test_create_contact_public" time="0.607" /><testcase classname="tests.test_car_trading" name="test_admin_stats_requires_auth" time="0.117" /><testcase classname="tests.test_car_trading" name="test_admin_stats_shape" time="0.057" /></testsuite></testsuites>